<?xml version="1.0" encoding="UTF-8"?>
<testsuite name="kamil.kus.FizzBuzzTest" tests="20" skipped="0" failures="0" errors="0" timestamp="2022-01-26T18:51:04" hostname="DESKTOP-0CKFQEA" time="0.085">
  <properties/>
  <testcase name="[1] 1, 1" classname="kamil.kus.FizzBuzzTest" time="0.06"/>
  <testcase name="[2] 2, 2" classname="kamil.kus.FizzBuzzTest" time="0.0"/>
  <testcase name="[3] 3, Fizz" classname="kamil.kus.FizzBuzzTest" time="0.001"/>
  <testcase name="[4] 4, 4" classname="kamil.kus.FizzBuzzTest" time="0.001"/>
  <testcase name="[5] 5, Buzz" classname="kamil.kus.FizzBuzzTest" time="0.0"/>
  <testcase name="[6] 6, Fizz" classname="kamil.kus.FizzBuzzTest" time="0.0"/>
  <testcase name="[7] 7, 7" classname="kamil.kus.FizzBuzzTest" time="0.0"/>
  <testcase name="[8] 8, 8" classname="kamil.kus.FizzBuzzTest" time="0.001"/>
  <testcase name="[9] 9, Fizz" classname="kamil.kus.FizzBuzzTest" time="0.001"/>
  <testcase name="[10] 10, Buzz" classname="kamil.kus.FizzBuzzTest" time="0.001"/>
  <testcase name="[11] 11, 11" classname="kamil.kus.FizzBuzzTest" time="0.001"/>
  <testcase name="[12] 12, Fizz" classname="kamil.kus.FizzBuzzTest" time="0.001"/>
  <testcase name="[13] 13, 13" classname="kamil.kus.FizzBuzzTest" time="0.001"/>
  <testcase name="[14] 14, 14" classname="kamil.kus.FizzBuzzTest" time="0.001"/>
  <testcase name="[15] 15, FizzBuzz" classname="kamil.kus.FizzBuzzTest" time="0.0"/>
  <testcase name="[16] 16, 16" classname="kamil.kus.FizzBuzzTest" time="0.001"/>
  <testcase name="[17] 17, 17" classname="kamil.kus.FizzBuzzTest" time="0.0"/>
  <testcase name="[18] 18, Fizz" classname="kamil.kus.FizzBuzzTest" time="0.0"/>
  <testcase name="[19] 19, 19" classname="kamil.kus.FizzBuzzTest" time="0.0"/>
  <testcase name="[20] 20, Buzz" classname="kamil.kus.FizzBuzzTest" time="0.0"/>
  <system-out><![CDATA[]]></system-out>
  <system-err><![CDATA[]]></system-err>
</testsuite>
